c:\users\justi\onedrive\documentos\github\proyectos\project#1\project uno\project uno\x64\debug\vc143.pdb
c:\users\justi\onedrive\documentos\github\proyectos\project#1\project uno\project uno\x64\debug\vc143.idb
c:\users\justi\onedrive\documentos\github\proyectos\project#1\project uno\project uno\x64\debug\rule.obj
c:\users\justi\onedrive\documentos\github\proyectos\project#1\project uno\project uno\x64\debug\project uno main.obj
c:\users\justi\onedrive\documentos\github\proyectos\project#1\project uno\project uno\x64\debug\player.obj
c:\users\justi\onedrive\documentos\github\proyectos\project#1\project uno\project uno\x64\debug\node.obj
c:\users\justi\onedrive\documentos\github\proyectos\project#1\project uno\project uno\x64\debug\menu.obj
c:\users\justi\onedrive\documentos\github\proyectos\project#1\project uno\project uno\x64\debug\graphics.obj
c:\users\justi\onedrive\documentos\github\proyectos\project#1\project uno\project uno\x64\debug\game.obj
c:\users\justi\onedrive\documentos\github\proyectos\project#1\project uno\project uno\x64\debug\deckcardlist.obj
c:\users\justi\onedrive\documentos\github\proyectos\project#1\project uno\project uno\x64\debug\dealer.obj
c:\users\justi\onedrive\documentos\github\proyectos\project#1\project uno\project uno\x64\debug\card.obj
c:\users\justi\onedrive\documentos\github\proyectos\project#1\project uno\project uno\x64\debug\button.obj
c:\users\justi\onedrive\documentos\github\proyectos\project#1\project uno\x64\debug\project uno.exe
c:\users\justi\onedrive\documentos\github\proyectos\project#1\project uno\project uno\x64\debug\project uno.ilk
c:\users\justi\onedrive\documentos\github\proyectos\project#1\project uno\x64\debug\project uno.pdb
c:\users\justi\onedrive\documentos\github\proyectos\project#1\project uno\project uno\x64\debug\project uno.tlog\cl.command.1.tlog
c:\users\justi\onedrive\documentos\github\proyectos\project#1\project uno\project uno\x64\debug\project uno.tlog\cl.items.tlog
c:\users\justi\onedrive\documentos\github\proyectos\project#1\project uno\project uno\x64\debug\project uno.tlog\cl.read.1.tlog
c:\users\justi\onedrive\documentos\github\proyectos\project#1\project uno\project uno\x64\debug\project uno.tlog\cl.write.1.tlog
c:\users\justi\onedrive\documentos\github\proyectos\project#1\project uno\project uno\x64\debug\project uno.tlog\link.command.1.tlog
c:\users\justi\onedrive\documentos\github\proyectos\project#1\project uno\project uno\x64\debug\project uno.tlog\link.read.1.tlog
c:\users\justi\onedrive\documentos\github\proyectos\project#1\project uno\project uno\x64\debug\project uno.tlog\link.write.1.tlog
